srun: Job step aborted: Waiting up to 32 seconds for job step to finish.
slurmstepd: error: *** JOB 17486 ON slurm-gp257-devel-compute-3-1 CANCELLED AT 2023-03-20T06:39:22 DUE TO TIME LIMIT ***
slurmstepd: error: *** STEP 17486.0 ON slurm-gp257-devel-compute-3-1 CANCELLED AT 2023-03-20T06:39:22 DUE TO TIME LIMIT ***
